0 info it worked if it ends with ok
1 verbose cli [ 'C:\\Program Files\\nodejs\\node.exe',
1 verbose cli   'C:\\Program Files\\nodejs\\node_modules\\npm\\bin\\npm-cli.js',
1 verbose cli   'run',
1 verbose cli   'tsc' ]
2 info using npm@3.3.12
3 info using node@v5.5.0
4 verbose run-script [ 'pretsc', 'tsc', 'posttsc' ]
5 info lifecycle angular-pipes@1.0.4~pretsc: angular-pipes@1.0.4
6 silly lifecycle angular-pipes@1.0.4~pretsc: no script for pretsc, continuing
7 info lifecycle angular-pipes@1.0.4~tsc: angular-pipes@1.0.4
8 verbose lifecycle angular-pipes@1.0.4~tsc: unsafe-perm in lifecycle true
9 verbose lifecycle angular-pipes@1.0.4~tsc: PATH: C:\Program Files\nodejs\node_modules\npm\bin\node-gyp-bin;C:\Users\Zyn\Documents\Projects\ng2-pipes\node_modules\.bin;C:\Users\Zyn\bin;C:\Program Files\Git\mingw64\bin;C:\Program Files\Git\usr\local\bin;C:\Program Files\Git\usr\bin;C:\Program Files\Git\usr\bin;C:\Program Files\Git\mingw64\bin;C:\Program Files\Git\usr\bin;C:\Users\Zyn\bin;C:\ProgramData\Oracle\Java\javapath;C:\Windows\system32;C:\Windows;C:\Windows\System32\Wbem;C:\Windows\System32\WindowsPowerShell\v1.0;C:\Program Files\Microsoft SQL Server\120\Tools\Binn;C:\Program Files\nodejs;C:\Program Files\Git\usr\bin;C:\Program Files\Git\cmd;C:\Program Files (x86)\Skype\Phone;C:\Program Files\Microsoft\Web Platform Installer;C:\Program Files (x86)\Microsoft VS Code\bin;C:\Users\Zyn\AppData\Roaming\npm;C:\Program Files\Git\usr\bin\vendor_perl;C:\Program Files\Git\usr\bin\core_perl
10 verbose lifecycle angular-pipes@1.0.4~tsc: CWD: C:\Users\Zyn\Documents\Projects\ng2-pipes
11 silly lifecycle angular-pipes@1.0.4~tsc: Args: [ '/d /s /c', 'tsc -p .' ]
12 silly lifecycle angular-pipes@1.0.4~tsc: Returned: code: 2  signal: null
13 info lifecycle angular-pipes@1.0.4~tsc: Failed to exec tsc script
14 verbose stack Error: angular-pipes@1.0.4 tsc: `tsc -p .`
14 verbose stack Exit status 2
14 verbose stack     at EventEmitter.<anonymous> (C:\Program Files\nodejs\node_modules\npm\lib\utils\lifecycle.js:232:16)
14 verbose stack     at emitTwo (events.js:100:13)
14 verbose stack     at EventEmitter.emit (events.js:185:7)
14 verbose stack     at ChildProcess.<anonymous> (C:\Program Files\nodejs\node_modules\npm\lib\utils\spawn.js:24:14)
14 verbose stack     at emitTwo (events.js:100:13)
14 verbose stack     at ChildProcess.emit (events.js:185:7)
14 verbose stack     at maybeClose (internal/child_process.js:821:16)
14 verbose stack     at Process.ChildProcess._handle.onexit (internal/child_process.js:211:5)
15 verbose pkgid angular-pipes@1.0.4
16 verbose cwd C:\Users\Zyn\Documents\Projects\ng2-pipes
17 error Windows_NT 10.0.10586
18 error argv "C:\\Program Files\\nodejs\\node.exe" "C:\\Program Files\\nodejs\\node_modules\\npm\\bin\\npm-cli.js" "run" "tsc"
19 error node v5.5.0
20 error npm  v3.3.12
21 error code ELIFECYCLE
22 error angular-pipes@1.0.4 tsc: `tsc -p .`
22 error Exit status 2
23 error Failed at the angular-pipes@1.0.4 tsc script 'tsc -p .'.
23 error Make sure you have the latest version of node.js and npm installed.
23 error If you do, this is most likely a problem with the angular-pipes package,
23 error not with npm itself.
23 error Tell the author that this fails on your system:
23 error     tsc -p .
23 error You can get their info via:
23 error     npm owner ls angular-pipes
23 error There is likely additional logging output above.
24 verbose exit [ 1, true ]
